<?xml version="1.0" encoding="UTF-8"?>
<testng-results ignored="0" total="1" passed="1" failed="0" skipped="0">
  <reporter-output>
    <line>
      <![CDATA[both titles are matching --- successfull login]]>
    </line>
    <line>
      <![CDATA[both titles are matching --- successfull logout]]>
    </line>
  </reporter-output>
  <suite started-at="2023-06-03T15:21:00 IST" name="Suite" finished-at="2023-06-03T15:21:49 IST" duration-ms="49139">
    <groups>
    </groups>
    <test started-at="2023-06-03T15:21:00 IST" name="Test" finished-at="2023-06-03T15:21:49 IST" duration-ms="49139">
      <class name="com.actitime.testcases.TC1_ActitimeLoginLogout">
        <test-method is-config="true" signature="setup()[pri:0, instance:com.actitime.testcases.TC1_ActitimeLoginLogout@4802796d]" started-at="2023-06-03T15:21:00 IST" name="setup" finished-at="2023-06-03T15:21:28 IST" duration-ms="28540" status="PASS">
          <reporter-output>
          </reporter-output>
        </test-method> <!-- setup -->
        <test-method signature="loginlogout()[pri:0, instance:com.actitime.testcases.TC1_ActitimeLoginLogout@4802796d]" started-at="2023-06-03T15:21:28 IST" name="loginlogout" finished-at="2023-06-03T15:21:49 IST" duration-ms="20290" status="PASS">
          <reporter-output>
            <line>
              <![CDATA[both titles are matching --- successfull login]]>
            </line>
            <line>
              <![CDATA[both titles are matching --- successfull logout]]>
            </line>
          </reporter-output>
        </test-method> <!-- loginlogout -->
        <test-method is-config="true" signature="teardown()[pri:0, instance:com.actitime.testcases.TC1_ActitimeLoginLogout@4802796d]" started-at="2023-06-03T15:21:49 IST" name="teardown" finished-at="2023-06-03T15:21:49 IST" duration-ms="249" status="PASS">
          <reporter-output>
          </reporter-output>
        </test-method> <!-- teardown -->
      </class> <!-- com.actitime.testcases.TC1_ActitimeLoginLogout -->
    </test> <!-- Test -->
  </suite> <!-- Suite -->
</testng-results>
